cl : command line  warning D9025: overriding '/MTd' with '/MDd'
  WindowsInput.cpp
C:\Users\lukav\Documents\Caramel\Caramel\src\Caramel\Layer.h(22,15): warning C4251: 'Caramel::Layer::m_DebugName': class 'std::basic_string<char,std::char_traits<char>,std::allocator<char>>' needs to have dll-interface to be used by clients of class 'Caramel::Layer'
C:\Program Files\Microsoft Visual Studio\2022\Enterprise\VC\Tools\MSVC\14.34.31933\include\xstring(5297,17): message : see declaration of 'std::basic_string<char,std::char_traits<char>,std::allocator<char>>'
C:\Users\lukav\Documents\Caramel\Caramel\src\Caramel\LayerStack.h(25,23): warning C4251: 'Caramel::LayerStack::m_Layers': class 'std::vector<Caramel::Layer *,std::allocator<Caramel::Layer *>>' needs to have dll-interface to be used by clients of class 'Caramel::LayerStack'
C:\Users\lukav\Documents\Caramel\Caramel\src\Caramel\LayerStack.h(21,8): message : see declaration of 'std::vector<Caramel::Layer *,std::allocator<Caramel::Layer *>>'
C:\Users\lukav\Documents\Caramel\Caramel\src\Caramel\LayerStack.h(26,33): warning C4251: 'Caramel::LayerStack::m_LayerInsert': class 'std::_Vector_iterator<std::_Vector_val<std::_Simple_types<_Ty>>>' needs to have dll-interface to be used by clients of class 'Caramel::LayerStack'
          with
          [
              _Ty=Caramel::Layer *
          ]
C:\Program Files\Microsoft Visual Studio\2022\Enterprise\VC\Tools\MSVC\14.34.31933\include\vector(668,36): message : see declaration of 'std::_Vector_iterator<std::_Vector_val<std::_Simple_types<_Ty>>>'
          with
          [
              _Ty=Caramel::Layer *
          ]
C:\Users\lukav\Documents\Caramel\Caramel\src\Caramel\Application.h(25,27): warning C4251: 'Caramel::Application::m_Window': class 'std::unique_ptr<Caramel::Window,std::default_delete<Caramel::Window>>' needs to have dll-interface to be used by clients of class 'Caramel::Application'
C:\Users\lukav\Documents\Caramel\Caramel\src\Caramel\Application.h(25,8): message : see declaration of 'std::unique_ptr<Caramel::Window,std::default_delete<Caramel::Window>>'
     Creating library ..\bin\Debug-windows-x86_64\Caramel\Caramel.lib and object ..\bin\Debug-windows-x86_64\Caramel\Caramel.exp
LINK : warning LNK4098: defaultlib 'LIBCMT' conflicts with use of other libs; use /NODEFAULTLIB:library
  Caramel.vcxproj -> C:\Users\lukav\Documents\Caramel\bin\Debug-windows-x86_64\Caramel\Caramel.dll
