c:\users\lukav\documents\caramel\bin-int\debug-windows-x86_64\caramel\caramel.pch
c:\users\lukav\documents\caramel\bin-int\debug-windows-x86_64\caramel\vc143.pdb
c:\users\lukav\documents\caramel\bin-int\debug-windows-x86_64\caramel\vc143.idb
c:\users\lukav\documents\caramel\bin-int\debug-windows-x86_64\caramel\crmlpch.obj
c:\users\lukav\documents\caramel\bin-int\debug-windows-x86_64\caramel\windowswindow.obj
c:\users\lukav\documents\caramel\bin-int\debug-windows-x86_64\caramel\imguiopenglrenderer.obj
c:\users\lukav\documents\caramel\bin-int\debug-windows-x86_64\caramel\log.obj
c:\users\lukav\documents\caramel\bin-int\debug-windows-x86_64\caramel\layerstack.obj
c:\users\lukav\documents\caramel\bin-int\debug-windows-x86_64\caramel\layer.obj
c:\users\lukav\documents\caramel\bin-int\debug-windows-x86_64\caramel\imguilayer.obj
c:\users\lukav\documents\caramel\bin-int\debug-windows-x86_64\caramel\application.obj
c:\users\lukav\documents\caramel\bin-int\debug-windows-x86_64\caramel\windowsinput.obj
c:\users\lukav\documents\caramel\bin\debug-windows-x86_64\caramel\caramel.lib
c:\users\lukav\documents\caramel\bin\debug-windows-x86_64\caramel\caramel.exp
c:\users\lukav\documents\caramel\bin-int\debug-windows-x86_64\caramel\caramel.ilk
c:\users\lukav\documents\caramel\bin-int\debug-windows-x86_64\caramel\caramel.tlog\cl.command.1.tlog
c:\users\lukav\documents\caramel\bin-int\debug-windows-x86_64\caramel\caramel.tlog\cl.items.tlog
c:\users\lukav\documents\caramel\bin-int\debug-windows-x86_64\caramel\caramel.tlog\cl.read.1.tlog
c:\users\lukav\documents\caramel\bin-int\debug-windows-x86_64\caramel\caramel.tlog\cl.write.1.tlog
c:\users\lukav\documents\caramel\bin-int\debug-windows-x86_64\caramel\caramel.tlog\link-cvtres.read.1.tlog
c:\users\lukav\documents\caramel\bin-int\debug-windows-x86_64\caramel\caramel.tlog\link-cvtres.write.1.tlog
c:\users\lukav\documents\caramel\bin-int\debug-windows-x86_64\caramel\caramel.tlog\link-rc.read.1.tlog
c:\users\lukav\documents\caramel\bin-int\debug-windows-x86_64\caramel\caramel.tlog\link-rc.write.1.tlog
c:\users\lukav\documents\caramel\bin-int\debug-windows-x86_64\caramel\caramel.tlog\link.23336-cvtres.read.1.tlog
c:\users\lukav\documents\caramel\bin-int\debug-windows-x86_64\caramel\caramel.tlog\link.23336-cvtres.write.1.tlog
c:\users\lukav\documents\caramel\bin-int\debug-windows-x86_64\caramel\caramel.tlog\link.23336-rc.read.1.tlog
c:\users\lukav\documents\caramel\bin-int\debug-windows-x86_64\caramel\caramel.tlog\link.23336-rc.write.1.tlog
c:\users\lukav\documents\caramel\bin-int\debug-windows-x86_64\caramel\caramel.tlog\link.23336.read.1.tlog
c:\users\lukav\documents\caramel\bin-int\debug-windows-x86_64\caramel\caramel.tlog\link.23336.read.2.tlog
c:\users\lukav\documents\caramel\bin-int\debug-windows-x86_64\caramel\caramel.tlog\link.23336.write.1.tlog
c:\users\lukav\documents\caramel\bin-int\debug-windows-x86_64\caramel\caramel.tlog\link.command.1.tlog
c:\users\lukav\documents\caramel\bin-int\debug-windows-x86_64\caramel\caramel.tlog\link.read.1.tlog
c:\users\lukav\documents\caramel\bin-int\debug-windows-x86_64\caramel\caramel.tlog\link.read.2.tlog
c:\users\lukav\documents\caramel\bin-int\debug-windows-x86_64\caramel\caramel.tlog\link.secondary.1.tlog
c:\users\lukav\documents\caramel\bin-int\debug-windows-x86_64\caramel\caramel.tlog\link.write.1.tlog
